<?xml version="1.0" encoding="UTF-8"?>
<testng-results total="1" passed="1" failed="0" skipped="0">
  <reporter-output>
  </reporter-output>
  <suite started-at="2022-12-04T12:56:00Z" name="Default suite" finished-at="2022-12-04T12:56:12Z" duration-ms="12108">
    <groups>
    </groups>
    <test started-at="2022-12-04T12:56:00Z" name="Default test" finished-at="2022-12-04T12:56:12Z" duration-ms="12108">
      <class name="Demo1.mousehoveraction">
        <test-method is-config="true" signature="testcase()[pri:0, instance:Demo1.mousehoveraction@6c4980d3]" started-at="2022-12-04T18:26:00Z" name="testcase" finished-at="2022-12-04T18:26:10Z" duration-ms="9645" status="PASS">
          <reporter-output>
          </reporter-output>
        </test-method> <!-- testcase -->
        <test-method signature="testcase1()[pri:0, instance:Demo1.mousehoveraction@6c4980d3]" started-at="2022-12-04T18:26:10Z" name="testcase1" finished-at="2022-12-04T18:26:12Z" duration-ms="2438" status="PASS">
          <reporter-output>
          </reporter-output>
        </test-method> <!-- testcase1 -->
      </class> <!-- Demo1.mousehoveraction -->
    </test> <!-- Default test -->
  </suite> <!-- Default suite -->
</testng-results>
