<?xml version="1.0" encoding="UTF-8"?>
<testng-results ignored="0" total="2" passed="2" failed="0" skipped="0">
  <reporter-output>
  </reporter-output>
  <suite started-at="2022-10-27T16:43:07 IST" name="Default suite" finished-at="2022-10-27T16:45:52 IST" duration-ms="165291">
    <groups>
    </groups>
    <test started-at="2022-10-27T16:43:07 IST" name="Default test" finished-at="2022-10-27T16:45:52 IST" duration-ms="165291">
      <class name="TestngDemo.DataProvider">
        <test-method is-config="true" signature="beforeTest()[pri:0, instance:TestngDemo.DataProvider@4efc180e]" started-at="2022-10-27T16:43:07 IST" name="beforeTest" finished-at="2022-10-27T16:44:23 IST" duration-ms="75811" status="PASS">
          <reporter-output>
          </reporter-output>
        </test-method> <!-- beforeTest -->
        <test-method signature="f(java.lang.String,java.lang.String)[pri:0, instance:TestngDemo.DataProvider@4efc180e]" started-at="2022-10-27T16:44:23 IST" name="f" data-provider="dp" finished-at="2022-10-27T16:45:25 IST" duration-ms="61494" status="PASS">
          <params>
            <param index="0">
              <value>
                <![CDATA[Admin]]>
              </value>
            </param>
            <param index="1">
              <value>
                <![CDATA[admin123]]>
              </value>
            </param>
          </params>
          <reporter-output>
          </reporter-output>
        </test-method> <!-- f -->
        <test-method signature="f(java.lang.String,java.lang.String)[pri:0, instance:TestngDemo.DataProvider@4efc180e]" started-at="2022-10-27T16:45:25 IST" name="f" data-provider="dp" finished-at="2022-10-27T16:45:45 IST" duration-ms="20634" status="PASS">
          <params>
            <param index="0">
              <value>
                <![CDATA[Admin]]>
              </value>
            </param>
            <param index="1">
              <value>
                <![CDATA[admin123]]>
              </value>
            </param>
          </params>
          <reporter-output>
          </reporter-output>
        </test-method> <!-- f -->
        <test-method is-config="true" signature="afterTest()[pri:0, instance:TestngDemo.DataProvider@4efc180e]" started-at="2022-10-27T16:45:45 IST" name="afterTest" finished-at="2022-10-27T16:45:52 IST" duration-ms="7027" status="PASS">
          <reporter-output>
          </reporter-output>
        </test-method> <!-- afterTest -->
      </class> <!-- TestngDemo.DataProvider -->
    </test> <!-- Default test -->
  </suite> <!-- Default suite -->
</testng-results>
