<?xml version="1.0" encoding="UTF-8"?>
<testng-results total="2" passed="2" failed="0" skipped="0">
  <reporter-output>
  </reporter-output>
  <suite started-at="2022-11-10T06:58:41Z" name="Surefire suite" finished-at="2022-11-10T07:01:17Z" duration-ms="156379">
    <groups>
      <group name="cucumber">
        <method signature="AbstractTestNGCucumberTests.runScenario(io.cucumber.testng.PickleWrapper, io.cucumber.testng.FeatureWrapper)[pri:0, instance:test_runner.test_runner1@1f1c7bf6]" name="runScenario" class="io.cucumber.testng.AbstractTestNGCucumberTests"/>
      </group> <!-- cucumber -->
    </groups>
    <test started-at="2022-11-10T06:58:41Z" name="Surefire test" finished-at="2022-11-10T07:01:17Z" duration-ms="156379">
      <class name="test_runner.test_runner1">
        <test-method is-config="true" signature="setUpClass(org.testng.ITestContext)[pri:0, instance:test_runner.test_runner1@1f1c7bf6]" started-at="2022-11-10T12:28:41Z" name="setUpClass" finished-at="2022-11-10T12:28:43Z" duration-ms="1599" status="PASS">
          <params>
            <param index="0">
              <value>
                <![CDATA[org.testng.TestRunner@2a43e0ac]]>
              </value>
            </param>
          </params>
          <reporter-output>
          </reporter-output>
        </test-method> <!-- setUpClass -->
        <test-method signature="runScenario(io.cucumber.testng.PickleWrapper, io.cucumber.testng.FeatureWrapper)[pri:0, instance:test_runner.test_runner1@1f1c7bf6]" started-at="2022-11-10T12:28:43Z" name="runScenario" description="Runs Cucumber Scenarios" data-provider="scenarios" finished-at="2022-11-10T12:30:02Z" duration-ms="79283" status="PASS">
          <params>
            <param index="0">
              <value>
                <![CDATA["Checking the login functionality with valid data"]]>
              </value>
            </param>
            <param index="1">
              <value>
                <![CDATA["Optional[Guru99]"]]>
              </value>
            </param>
          </params>
          <reporter-output>
          </reporter-output>
        </test-method> <!-- runScenario -->
        <test-method signature="runScenario(io.cucumber.testng.PickleWrapper, io.cucumber.testng.FeatureWrapper)[pri:0, instance:test_runner.test_runner1@1f1c7bf6]" started-at="2022-11-10T12:30:02Z" name="runScenario" description="Runs Cucumber Scenarios" data-provider="scenarios" finished-at="2022-11-10T12:31:17Z" duration-ms="75179" status="PASS">
          <params>
            <param index="0">
              <value>
                <![CDATA["Checking the login functionality with valid data"]]>
              </value>
            </param>
            <param index="1">
              <value>
                <![CDATA["Optional[Guru99]"]]>
              </value>
            </param>
          </params>
          <reporter-output>
          </reporter-output>
        </test-method> <!-- runScenario -->
        <test-method is-config="true" signature="tearDownClass()[pri:0, instance:test_runner.test_runner1@1f1c7bf6]" started-at="2022-11-10T12:31:17Z" name="tearDownClass" finished-at="2022-11-10T12:31:17Z" duration-ms="281" status="PASS">
          <reporter-output>
          </reporter-output>
        </test-method> <!-- tearDownClass -->
      </class> <!-- test_runner.test_runner1 -->
    </test> <!-- Surefire test -->
  </suite> <!-- Surefire suite -->
</testng-results>
