<?xml version="1.0" encoding="UTF-8"?>
<testng-results ignored="0" total="1" passed="1" failed="0" skipped="0">
  <reporter-output>
  </reporter-output>
  <suite started-at="2022-12-12T11:02:22 IST" name="Default suite" finished-at="2022-12-12T11:08:17 IST" duration-ms="355098">
    <groups>
    </groups>
    <test started-at="2022-12-12T11:02:22 IST" name="Default test" finished-at="2022-12-12T11:08:17 IST" duration-ms="355098">
      <class name="Webapp.KhanAcademyhybrid">
        <test-method is-config="true" signature="BT()[pri:0, instance:Webapp.KhanAcademyhybrid@13fd2ccd]" started-at="2022-12-12T11:02:22 IST" name="BT" finished-at="2022-12-12T11:02:56 IST" duration-ms="34452" status="PASS">
          <reporter-output>
          </reporter-output>
        </test-method> <!-- BT -->
        <test-method signature="testcase1()[pri:0, instance:Webapp.KhanAcademyhybrid@13fd2ccd]" started-at="2022-12-12T11:02:56 IST" name="testcase1" finished-at="2022-12-12T11:08:17 IST" duration-ms="320510" status="PASS">
          <reporter-output>
          </reporter-output>
        </test-method> <!-- testcase1 -->
      </class> <!-- Webapp.KhanAcademyhybrid -->
    </test> <!-- Default test -->
  </suite> <!-- Default suite -->
</testng-results>
