<?xml version="1.0" encoding="UTF-8"?>
<!-- Generated by org.testng.reporters.JUnitXMLReporter -->
<testsuite hostname="BYOD-594210" failures="1" tests="1" name="Test" time="0.065" errors="0" timestamp="8 Nov 2022 08:01:00 GMT">
  <testcase classname="Makemytrip.Casestudy1" name="@AfterTest testcase3" time="0.0">
    <failure type="java.lang.NullPointerException" message="Cannot invoke &amp;quot;org.openqa.selenium.WebDriver.close()&amp;quot; because &amp;quot;this.driver1&amp;quot; is null">
      <![CDATA[java.lang.NullPointerException: Cannot invoke "org.openqa.selenium.WebDriver.close()" because "this.driver1" is null
	at Makemytrip.Casestudy1.testcase3(Casestudy1.java:54)
... Removed 22 stack frames]]>
    </failure>
  </testcase> <!-- @AfterTest testcase3 -->
  <testcase classname="Makemytrip.Casestudy1" name="testcase1" time="0.029">
    <failure type="java.lang.NullPointerException" message="Cannot invoke &amp;quot;org.openqa.selenium.WebDriver.findElement(org.openqa.selenium.By)&amp;quot; because &amp;quot;this.driver1&amp;quot; is null">
      <![CDATA[java.lang.NullPointerException: Cannot invoke "org.openqa.selenium.WebDriver.findElement(org.openqa.selenium.By)" because "this.driver1" is null
	at Makemytrip.Casestudy1.testcase1(Casestudy1.java:27)
... Removed 24 stack frames]]>
    </failure>
  </testcase> <!-- testcase1 -->
</testsuite> <!-- Test -->
