<?xml version="1.0" encoding="UTF-8"?>
<testng-results total="1" passed="1" failed="0" skipped="0">
  <reporter-output>
  </reporter-output>
  <suite started-at="2022-11-14T05:34:11Z" name="Default suite" finished-at="2022-11-14T05:34:56Z" duration-ms="45337">
    <groups>
    </groups>
    <test started-at="2022-11-14T05:34:11Z" name="Default test" finished-at="2022-11-14T05:34:56Z" duration-ms="45337">
      <class name="Extentreport.nestedframes">
        <test-method is-config="true" signature="test()[pri:0, instance:Extentreport.nestedframes@6c4980d3]" started-at="2022-11-14T11:04:11Z" name="test" finished-at="2022-11-14T11:04:56Z" duration-ms="44810" status="PASS">
          <reporter-output>
          </reporter-output>
        </test-method> <!-- test -->
        <test-method signature="test2()[pri:0, instance:Extentreport.nestedframes@6c4980d3]" started-at="2022-11-14T11:04:56Z" name="test2" finished-at="2022-11-14T11:04:56Z" duration-ms="479" status="PASS">
          <reporter-output>
          </reporter-output>
        </test-method> <!-- test2 -->
      </class> <!-- Extentreport.nestedframes -->
    </test> <!-- Default test -->
  </suite> <!-- Default suite -->
</testng-results>
