<?xml version="1.0" encoding="UTF-8"?>
<testng-results total="1" passed="1" failed="0" skipped="0">
  <reporter-output>
  </reporter-output>
  <suite started-at="2022-10-10T03:55:34Z" name="Surefire suite" finished-at="2022-10-10T03:56:52Z" duration-ms="78371">
    <groups>
    </groups>
    <test started-at="2022-10-10T03:55:34Z" name="Surefire test" finished-at="2022-10-10T03:56:52Z" duration-ms="78371">
      <class name="Demo1.First_selenium_program">
        <test-method signature="test()[pri:0, instance:Demo1.First_selenium_program@7c7b252e]" started-at="2022-10-10T09:25:34Z" name="test" finished-at="2022-10-10T09:26:52Z" duration-ms="78334" status="PASS">
          <reporter-output>
          </reporter-output>
        </test-method> <!-- test -->
      </class> <!-- Demo1.First_selenium_program -->
    </test> <!-- Surefire test -->
  </suite> <!-- Surefire suite -->
</testng-results>
